<?xml version="1.0" encoding="UTF-8"?>
<testsuites name="Mocha Tests" time="46.137" tests="1" failures="0">
  <testsuite name="Root Suite" timestamp="2023-02-18T06:04:22" tests="0" file="cypress\e2e\Features\TC-19_tc160RLZ36970.feature" time="0.000" failures="0">
  </testsuite>
  <testsuite name="TC-19_Verify clicking on the Square Google class card title navigates to the assignment listing page of that class for Student" timestamp="2023-02-18T06:04:22" tests="1" time="45.996" failures="0">
    <testcase name="TC-19_Verify clicking on the Square Google class card title navigates to the assignment listing page of that class for Student Verify clicking on the Square Google class card title navigates to the assignment listing page of that class for Student (example #1)" time="41.720" classname="Verify clicking on the Square Google class card title navigates to the assignment listing page of that class for Student (example #1)">
    </testcase>
  </testsuite>
</testsuites>